<?xml version="1.0" encoding="UTF-8"?>
<!-- Generated by org.testng.reporters.JUnitReportReporter -->
<testsuite skipped="0" hostname="LAPTOP-BQPF0GOU" name="startWithInterface.Tc_001" tests="1" failures="0" timestamp="2021-11-10T18:23:03 EST" time="24.719" errors="0">
  <testcase name="login" time="24.719" classname="startWithInterface.Tc_001"/>
  <system-out/>
</testsuite> <!-- startWithInterface.Tc_001 -->
