<?xml version="1.0" encoding="UTF-8"?>
<!-- Generated by org.testng.reporters.JUnitReportReporter -->
<testsuite skipped="0" hostname="LAPTOP-BQPF0GOU" name="hijiBijiCreateLead.CreateLead" tests="2" failures="0" timestamp="2021-10-30T10:16:23 EDT" time="43.444" errors="0">
  <testcase name="FindInfo" time="20.207" classname="hijiBijiCreateLead.CreateLead"/>
  <system-out/>
  <testcase name="createLead" time="23.237" classname="hijiBijiCreateLead.CreateLead"/>
  <system-out/>
</testsuite> <!-- hijiBijiCreateLead.CreateLead -->
