<?xml version="1.0" encoding="UTF-8"?>
<!-- Generated by org.testng.reporters.JUnitReportReporter -->
<testsuite skipped="0" hostname="LAPTOP-BQPF0GOU" name="parameterizedExample1.EditPage" tests="1" failures="0" timestamp="2021-12-06T22:25:51 EST" time="27.867" errors="0">
  <testcase name="Edit" time="27.867" classname="parameterizedExample1.EditPage"/>
  <system-out/>
</testsuite> <!-- parameterizedExample1.EditPage -->
